\BOOKMARK [0][-]{part.1}{I Preamble}{}% 1
\BOOKMARK [1][-]{section.1}{What's a Dwarf Therapist?}{part.1}% 2
\BOOKMARK [1][-]{section.2}{Installation}{part.1}% 3
\BOOKMARK [0][-]{part.2}{II Basics}{}% 4
\BOOKMARK [1][-]{section.3}{Connecting to Dwarf Fortress}{part.2}% 5
\BOOKMARK [1][-]{section.4}{Main Display}{part.2}% 6
\BOOKMARK [2][-]{subsection.4.1}{Labors View}{section.4}% 7
\BOOKMARK [2][-]{subsection.4.2}{Screens Tab}{section.4}% 8
\BOOKMARK [2][-]{subsection.4.3}{Group By and Filters}{section.4}% 9
\BOOKMARK [2][-]{subsection.4.4}{Main Toolbar}{section.4}% 10
\BOOKMARK [2][-]{subsection.4.5}{Docks}{section.4}% 11
\BOOKMARK [2][-]{subsection.4.6}{Menu Bar}{section.4}% 12
\BOOKMARK [1][-]{section.5}{Managing Your Dwarves}{part.2}% 13
\BOOKMARK [2][-]{subsection.5.1}{Making Labor Changes}{section.5}% 14
\BOOKMARK [2][-]{subsection.5.2}{Using Groups}{section.5}% 15
\BOOKMARK [2][-]{subsection.5.3}{Using Sorts}{section.5}% 16
\BOOKMARK [2][-]{subsection.5.4}{Assigning Nicknames}{section.5}% 17
\BOOKMARK [2][-]{subsection.5.5}{Addendum: Managing your Animals}{section.5}% 18
\BOOKMARK [1][-]{section.6}{Options}{part.2}% 19
\BOOKMARK [2][-]{subsection.6.1}{Formatting Your Display}{section.6}% 20
\BOOKMARK [0][-]{part.3}{III Advanced Features}{}% 21
\BOOKMARK [1][-]{section.7}{Roles}{part.3}% 22
\BOOKMARK [2][-]{subsection.7.1}{What's in a Role?}{section.7}% 23
\BOOKMARK [2][-]{subsection.7.2}{Using Roles}{section.7}% 24
\BOOKMARK [2][-]{subsection.7.3}{Creating Custom Roles}{section.7}% 25
\BOOKMARK [2][-]{subsection.7.4}{Exporting and Importing Custom Roles}{section.7}% 26
\BOOKMARK [1][-]{section.8}{Custom Professions}{part.3}% 27
\BOOKMARK [2][-]{subsection.8.1}{Creating Custom Professions}{section.8}% 28
\BOOKMARK [2][-]{subsection.8.2}{Exporting and Importing Professions}{section.8}% 29
\BOOKMARK [1][-]{section.9}{Custom Grid Views}{part.3}% 30
\BOOKMARK [2][-]{subsection.9.1}{Creating Your Own Grid Views}{section.9}% 31
\BOOKMARK [2][-]{subsection.9.2}{Exporting and Importing Grid Views}{section.9}% 32
\BOOKMARK [0][-]{part.4}{IV Expert Features}{}% 33
\BOOKMARK [1][-]{section.10}{Filter Scripts}{part.4}% 34
\BOOKMARK [2][-]{subsection.10.1}{Writing Complex Scripts}{section.10}% 35
\BOOKMARK [1][-]{section.11}{Optimization Plans}{part.4}% 36
\BOOKMARK [2][-]{subsection.11.1}{Exporting and Importing Optimization Plans}{section.11}% 37
\BOOKMARK [1][-]{section.12}{Addendum: Scanning Memory}{part.4}% 38
\BOOKMARK [0][-]{part.5}{V Appendix}{}% 39
\BOOKMARK [1][-]{section.13}{Hotkeys}{part.5}% 40
\BOOKMARK [1][-]{section.14}{Modifying Game Data}{part.5}% 41
