This is pdfTeX, Version 3.1415926-2.4-1.40.13 (MiKTeX 2.9) (preloaded format=pdflatex 2013.7.22)  29 JUL 2014 16:46
entering extended mode
**Dwarf*Therapist.tex
("E:\Eclipse\Projects\Dwarf Fortress\Dwarf Fortress\Dwarf Therapist.tex"
LaTeX2e <2011/06/27>
Babel <v3.8m> and hyphenation patterns for english, afrikaans, ancientgreek, ar
abic, armenian, assamese, basque, bengali, bokmal, bulgarian, catalan, coptic, 
croatian, czech, danish, dutch, esperanto, estonian, farsi, finnish, french, ga
lician, german, german-x-2012-05-30, greek, gujarati, hindi, hungarian, iceland
ic, indonesian, interlingua, irish, italian, kannada, kurmanji, latin, latvian,
 lithuanian, malayalam, marathi, mongolian, mongolianlmc, monogreek, ngerman, n
german-x-2012-05-30, nynorsk, oriya, panjabi, pinyin, polish, portuguese, roman
ian, russian, sanskrit, serbian, slovak, slovenian, spanish, swedish, swissgerm
an, tamil, telugu, turkish, turkmen, ukenglish, ukrainian, uppersorbian, usengl
ishmax, welsh, loaded.
("C:\Program Files (x86)\MiKTeX 2.9\tex\latex\base\article.cls"
Document Class: article 2007/10/19 v1.4h Standard LaTeX document class
("C:\Program Files (x86)\MiKTeX 2.9\tex\latex\base\size10.clo"
File: size10.clo 2007/10/19 v1.4h Standard LaTeX file (size option)
)
\c@part=\count79
\c@section=\count80
\c@subsection=\count81
\c@subsubsection=\count82
\c@paragraph=\count83
\c@subparagraph=\count84
\c@figure=\count85
\c@table=\count86
\abovecaptionskip=\skip41
\belowcaptionskip=\skip42
\bibindent=\dimen102
)
("C:\Program Files (x86)\MiKTeX 2.9\tex\latex\hyperref\hyperref.sty"
Package: hyperref 2012/11/06 v6.83m Hypertext links for LaTeX

("C:\Program Files (x86)\MiKTeX 2.9\tex\generic\oberdiek\hobsub-hyperref.sty"
Package: hobsub-hyperref 2012/04/25 v1.12 Bundle oberdiek, subset hyperref (HO)


("C:\Program Files (x86)\MiKTeX 2.9\tex\generic\oberdiek\hobsub-generic.sty"
Package: hobsub-generic 2012/04/25 v1.12 Bundle oberdiek, subset generic (HO)
Package: hobsub 2012/04/25 v1.12 Construct package bundles (HO)
Package: infwarerr 2010/04/08 v1.3 Providing info/warning/error messages (HO)
Package: ltxcmds 2011/11/09 v1.22 LaTeX kernel commands for general use (HO)
Package: ifluatex 2010/03/01 v1.3 Provides the ifluatex switch (HO)
Package ifluatex Info: LuaTeX not detected.
Package: ifvtex 2010/03/01 v1.5 Detect VTeX and its facilities (HO)
Package ifvtex Info: VTeX not detected.
Package: intcalc 2007/09/27 v1.1 Expandable calculations with integers (HO)
Package: ifpdf 2011/01/30 v2.3 Provides the ifpdf switch (HO)
Package ifpdf Info: pdfTeX in PDF mode is detected.
Package: etexcmds 2011/02/16 v1.5 Avoid name clashes with e-TeX commands (HO)
Package etexcmds Info: Could not find \expanded.
(etexcmds)             That can mean that you are not using pdfTeX 1.50 or
(etexcmds)             that some package has redefined \expanded.
(etexcmds)             In the latter case, load this package earlier.
Package: kvsetkeys 2012/04/25 v1.16 Key value parser (HO)
Package: kvdefinekeys 2011/04/07 v1.3 Define keys (HO)
Package: pdftexcmds 2011/11/29 v0.20 Utility functions of pdfTeX for LuaTeX (HO
)
Package pdftexcmds Info: LuaTeX not detected.
Package pdftexcmds Info: \pdf@primitive is available.
Package pdftexcmds Info: \pdf@ifprimitive is available.
Package pdftexcmds Info: \pdfdraftmode found.
Package: pdfescape 2011/11/25 v1.13 Implements pdfTeX's escape features (HO)
Package: bigintcalc 2012/04/08 v1.3 Expandable calculations on big integers (HO
)
Package: bitset 2011/01/30 v1.1 Handle bit-vector datatype (HO)
Package: uniquecounter 2011/01/30 v1.2 Provide unlimited unique counter (HO)
)
Package hobsub Info: Skipping package `hobsub' (already loaded).
Package: letltxmacro 2010/09/02 v1.4 Let assignment for LaTeX macros (HO)
Package: hopatch 2011/06/24 v1.1 Wrapper for package hooks (HO)
Package: xcolor-patch 2011/01/30 xcolor patch
Package: atveryend 2011/06/30 v1.8 Hooks at the very end of document (HO)
Package atveryend Info: \enddocument detected (standard20110627).
Package: atbegshi 2011/10/05 v1.16 At begin shipout hook (HO)
Package: refcount 2011/10/16 v3.4 Data extraction from label references (HO)
Package: hycolor 2011/01/30 v1.7 Color options for hyperref/bookmark (HO)
)
("C:\Program Files (x86)\MiKTeX 2.9\tex\latex\graphics\keyval.sty"
Package: keyval 1999/03/16 v1.13 key=value parser (DPC)
\KV@toks@=\toks14
)
("C:\Program Files (x86)\MiKTeX 2.9\tex\generic\ifxetex\ifxetex.sty"
Package: ifxetex 2010/09/12 v0.6 Provides ifxetex conditional
)
("C:\Program Files (x86)\MiKTeX 2.9\tex\latex\oberdiek\auxhook.sty"
Package: auxhook 2011/03/04 v1.3 Hooks for auxiliary files (HO)
)
("C:\Program Files (x86)\MiKTeX 2.9\tex\latex\oberdiek\kvoptions.sty"
Package: kvoptions 2011/06/30 v3.11 Key value format for package options (HO)
)
\@linkdim=\dimen103
\Hy@linkcounter=\count87
\Hy@pagecounter=\count88

("C:\Program Files (x86)\MiKTeX 2.9\tex\latex\hyperref\pd1enc.def"
File: pd1enc.def 2012/11/06 v6.83m Hyperref: PDFDocEncoding definition (HO)
)
\Hy@SavedSpaceFactor=\count89

("C:\Program Files (x86)\MiKTeX 2.9\tex\latex\00miktex\hyperref.cfg"
File: hyperref.cfg 2002/06/06 v1.2 hyperref configuration of TeXLive
)
Package hyperref Info: Hyper figures OFF on input line 4443.
Package hyperref Info: Link nesting OFF on input line 4448.
Package hyperref Info: Hyper index ON on input line 4451.
Package hyperref Info: Plain pages OFF on input line 4458.
Package hyperref Info: Backreferencing OFF on input line 4463.
Package hyperref Info: Implicit mode ON; LaTeX internals redefined.
Package hyperref Info: Bookmarks ON on input line 4688.
\c@Hy@tempcnt=\count90

("C:\Program Files (x86)\MiKTeX 2.9\tex\latex\ltxmisc\url.sty"
\Urlmuskip=\muskip10
Package: url 2006/04/12  ver 3.3  Verb mode for urls, etc.
)
LaTeX Info: Redefining \url on input line 5041.
\XeTeXLinkMargin=\dimen104
\Fld@menulength=\count91
\Field@Width=\dimen105
\Fld@charsize=\dimen106
Package hyperref Info: Hyper figures OFF on input line 6295.
Package hyperref Info: Link nesting OFF on input line 6300.
Package hyperref Info: Hyper index ON on input line 6303.
Package hyperref Info: backreferencing OFF on input line 6310.
Package hyperref Info: Link coloring OFF on input line 6315.
Package hyperref Info: Link coloring with OCG OFF on input line 6320.
Package hyperref Info: PDF/A mode OFF on input line 6325.
LaTeX Info: Redefining \ref on input line 6365.
LaTeX Info: Redefining \pageref on input line 6369.
\Hy@abspage=\count92
\c@Item=\count93
\c@Hfootnote=\count94
)

Package hyperref Message: Driver (autodetected): hpdftex.

("C:\Program Files (x86)\MiKTeX 2.9\tex\latex\hyperref\hpdftex.def"
File: hpdftex.def 2012/11/06 v6.83m Hyperref driver for pdfTeX
\Fld@listcount=\count95
\c@bookmark@seq@number=\count96

("C:\Program Files (x86)\MiKTeX 2.9\tex\latex\oberdiek\rerunfilecheck.sty"
Package: rerunfilecheck 2011/04/15 v1.7 Rerun checks for auxiliary files (HO)
Package uniquecounter Info: New unique counter `rerunfilecheck' on input line 2
82.
)
\Hy@SectionHShift=\skip43
)
("C:\Program Files (x86)\MiKTeX 2.9\tex\latex\graphics\graphicx.sty"
Package: graphicx 1999/02/16 v1.0f Enhanced LaTeX Graphics (DPC,SPQR)

("C:\Program Files (x86)\MiKTeX 2.9\tex\latex\graphics\graphics.sty"
Package: graphics 2009/02/05 v1.0o Standard LaTeX Graphics (DPC,SPQR)

("C:\Program Files (x86)\MiKTeX 2.9\tex\latex\graphics\trig.sty"
Package: trig 1999/03/16 v1.09 sin cos tan (DPC)
)
("C:\Program Files (x86)\MiKTeX 2.9\tex\latex\00miktex\graphics.cfg"
File: graphics.cfg 2007/01/18 v1.5 graphics configuration of teTeX/TeXLive
)
Package graphics Info: Driver file: pdftex.def on input line 91.

("C:\Program Files (x86)\MiKTeX 2.9\tex\latex\pdftex-def\pdftex.def"
File: pdftex.def 2011/05/27 v0.06d Graphics/color for pdfTeX
\Gread@gobject=\count97
))
\Gin@req@height=\dimen107
\Gin@req@width=\dimen108
)
("C:\Program Files (x86)\MiKTeX 2.9\tex\latex\float\float.sty"
Package: float 2001/11/08 v1.3d Float enhancements (AL)
\c@float@type=\count98
\float@exts=\toks15
\float@box=\box26
\@float@everytoks=\toks16
\@floatcapt=\box27
)
("C:\Program Files (x86)\MiKTeX 2.9\tex\latex\caption\subcaption.sty"
Package: subcaption 2013/02/03 v1.1-62 Sub-captions (AR)

("C:\Program Files (x86)\MiKTeX 2.9\tex\latex\caption\caption.sty"
Package: caption 2013/05/02 v3.3-89 Customizing captions (AR)

("C:\Program Files (x86)\MiKTeX 2.9\tex\latex\caption\caption3.sty"
Package: caption3 2013/05/02 v1.6-88 caption3 kernel (AR)
Package caption3 Info: TeX engine: e-TeX on input line 57.
\captionmargin=\dimen109
\captionmargin@=\dimen110
\captionwidth=\dimen111
\caption@tempdima=\dimen112
\caption@indent=\dimen113
\caption@parindent=\dimen114
\caption@hangindent=\dimen115
)
\c@ContinuedFloat=\count99
Package caption Info: float package is loaded.
Package caption Info: hyperref package is loaded.
)
\c@subfigure=\count100
\c@subtable=\count101
)
("C:\Program Files (x86)\MiKTeX 2.9\tex\latex\wrapfig\wrapfig.sty"
\wrapoverhang=\dimen116
\WF@size=\dimen117
\c@WF@wrappedlines=\count102
\WF@box=\box28
\WF@everypar=\toks17
Package: wrapfig 2003/01/31  v 3.6
)
("C:\Program Files (x86)\MiKTeX 2.9\tex\latex\tools\multicol.sty"
Package: multicol 2011/06/27 v1.7a multicolumn formatting (FMi)
\c@tracingmulticols=\count103
\mult@box=\box29
\multicol@leftmargin=\dimen118
\c@unbalance=\count104
\c@collectmore=\count105
\doublecol@number=\count106
\multicoltolerance=\count107
\multicolpretolerance=\count108
\full@width=\dimen119
\page@free=\dimen120
\premulticols=\dimen121
\postmulticols=\dimen122
\multicolsep=\skip44
\multicolbaselineskip=\skip45
\partial@page=\box30
\last@line=\box31
\mult@rightbox=\box32
\mult@grightbox=\box33
\mult@gfirstbox=\box34
\mult@firstbox=\box35
\@tempa=\box36
\@tempa=\box37
\@tempa=\box38
\@tempa=\box39
\@tempa=\box40
\@tempa=\box41
\@tempa=\box42
\@tempa=\box43
\@tempa=\box44
\@tempa=\box45
\@tempa=\box46
\@tempa=\box47
\@tempa=\box48
\@tempa=\box49
\@tempa=\box50
\@tempa=\box51
\@tempa=\box52
\c@columnbadness=\count109
\c@finalcolumnbadness=\count110
\last@try=\dimen123
\multicolovershoot=\dimen124
\multicolundershoot=\dimen125
\mult@nat@firstbox=\box53
\colbreak@box=\box54
\multicol@sort@counter=\count111
)
("C:\Program Files (x86)\MiKTeX 2.9\tex\latex\sidecap\sidecap.sty"
Package: sidecap 2003/06/06 v1.6f SideCap Package (RN/HjG)

("C:\Program Files (x86)\MiKTeX 2.9\tex\latex\base\ifthen.sty"
Package: ifthen 2001/05/26 v1.1c Standard LaTeX ifthen package (DPC)
)
\SC@BOXWD=\dimen126
\SC@CAPWD=\dimen127
\SC@tempdima=\dimen128
\SC@tempdimb=\dimen129
\c@SC@C=\count112
\SC@BOX=\box55
)
("C:\Program Files (x86)\MiKTeX 2.9\tex\latex\preprint\fullpage.sty"
Package: fullpage 1999/02/23 1.1 (PWD)
\FP@margin=\skip46
)
("C:\Program Files (x86)\MiKTeX 2.9\tex\latex\enumitem\enumitem.sty"
Package: enumitem 2011/09/28 v3.5.2 Customized lists
\labelindent=\skip47
\enit@outerparindent=\dimen130
\enit@toks=\toks18
\enit@inbox=\box56
\enitdp@description=\count113
)
("C:\Program Files (x86)\MiKTeX 2.9\tex\latex\graphics\color.sty"
Package: color 2005/11/14 v1.0j Standard LaTeX Color (DPC)

("C:\Program Files (x86)\MiKTeX 2.9\tex\latex\00miktex\color.cfg"
File: color.cfg 2007/01/18 v1.5 color configuration of teTeX/TeXLive
)
Package color Info: Driver file: pdftex.def on input line 130.
)
("E:\Eclipse\Projects\Dwarf Fortress\Dwarf Fortress\Dwarf Therapist.aux")
LaTeX Font Info:    Checking defaults for OML/cmm/m/it on input line 58.
LaTeX Font Info:    ... okay on input line 58.
LaTeX Font Info:    Checking defaults for T1/cmr/m/n on input line 58.
LaTeX Font Info:    ... okay on input line 58.
LaTeX Font Info:    Checking defaults for OT1/cmr/m/n on input line 58.
LaTeX Font Info:    ... okay on input line 58.
LaTeX Font Info:    Checking defaults for OMS/cmsy/m/n on input line 58.
LaTeX Font Info:    ... okay on input line 58.
LaTeX Font Info:    Checking defaults for OMX/cmex/m/n on input line 58.
LaTeX Font Info:    ... okay on input line 58.
LaTeX Font Info:    Checking defaults for U/cmr/m/n on input line 58.
LaTeX Font Info:    ... okay on input line 58.
LaTeX Font Info:    Checking defaults for PD1/pdf/m/n on input line 58.
LaTeX Font Info:    ... okay on input line 58.
\AtBeginShipoutBox=\box57
Package hyperref Info: Link coloring OFF on input line 58.

("C:\Program Files (x86)\MiKTeX 2.9\tex\latex\hyperref\nameref.sty"
Package: nameref 2012/10/27 v2.43 Cross-referencing by name of section

("C:\Program Files (x86)\MiKTeX 2.9\tex\generic\oberdiek\gettitlestring.sty"
Package: gettitlestring 2010/12/03 v1.4 Cleanup title references (HO)
)
\c@section@level=\count114
)
LaTeX Info: Redefining \ref on input line 58.
LaTeX Info: Redefining \pageref on input line 58.
LaTeX Info: Redefining \nameref on input line 58.

("E:\Eclipse\Projects\Dwarf Fortress\Dwarf Fortress\Dwarf Therapist.out")
("E:\Eclipse\Projects\Dwarf Fortress\Dwarf Fortress\Dwarf Therapist.out")
\@outlinefile=\write3

("C:\Program Files (x86)\MiKTeX 2.9\tex\context\base\supp-pdf.mkii"
[Loading MPS to PDF converter (version 2006.09.02).]
\scratchcounter=\count115
\scratchdimen=\dimen131
\scratchbox=\box58
\nofMPsegments=\count116
\nofMParguments=\count117
\everyMPshowfont=\toks19
\MPscratchCnt=\count118
\MPscratchDim=\dimen132
\MPnumerator=\count119
\makeMPintoPDFobject=\count120
\everyMPtoPDFconversion=\toks20
)
Package caption Info: Begin \AtBeginDocument code.
Package caption Info: sidecap package is loaded.
Package caption Info: wrapfig package is loaded.
Package caption Info: End \AtBeginDocument code.
 ("C:\Program Files (x86)\MiKTeX 2.9\tex\latex\ms\ragged2e.sty"
Package: ragged2e 2009/05/21 v2.1 ragged2e Package (MS)

("C:\Program Files (x86)\MiKTeX 2.9\tex\latex\ms\everysel.sty"
Package: everysel 2011/10/28 v1.2 EverySelectfont Package (MS)

ABD: EverySelectfont initializing macros
LaTeX Info: Redefining \selectfont on input line 126.
)
\CenteringLeftskip=\skip48
\RaggedLeftLeftskip=\skip49
\RaggedRightLeftskip=\skip50
\CenteringRightskip=\skip51
\RaggedLeftRightskip=\skip52
\RaggedRightRightskip=\skip53
\CenteringParfillskip=\skip54
\RaggedLeftParfillskip=\skip55
\RaggedRightParfillskip=\skip56
\JustifyingParfillskip=\skip57
\CenteringParindent=\skip58
\RaggedLeftParindent=\skip59
\RaggedRightParindent=\skip60
\JustifyingParindent=\skip61
)
<logo.png, id=211, 55.20625pt x 55.20625pt>
File: logo.png Graphic file (type png)
 <use logo.png>
Package pdftex.def Info: logo.png used on input line 67.
(pdftex.def)             Requested size: 44.16504pt x 44.16504pt.
LaTeX Font Info:    External font `cmex10' loaded for size
(Font)              <12> on input line 67.
LaTeX Font Info:    External font `cmex10' loaded for size
(Font)              <8> on input line 67.
LaTeX Font Info:    External font `cmex10' loaded for size
(Font)              <6> on input line 67.
 [1

{C:/ProgramData/MiKTeX/2.9/pdftex/config/pdftex.map} <E:/Eclipse/Projects/Dwarf
 Fortress/Dwarf Fortress/logo.png>]
("E:\Eclipse\Projects\Dwarf Fortress\Dwarf Fortress\Dwarf Therapist.toc"
[1])
\tf@toc=\write4
 [2]
LaTeX Font Info:    External font `cmex10' loaded for size
(Font)              <5> on input line 87.
 [3] [4] <Sec1Fig1.png, id=309, 388.45125pt x 123.46124pt>
File: Sec1Fig1.png Graphic file (type png)

<use Sec1Fig1.png>
Package pdftex.def Info: Sec1Fig1.png used on input line 189.
(pdftex.def)             Requested size: 388.45029pt x 123.46092pt.
 <Sec1Fig2.png, id=311, 380.92313pt x 93.34875pt>
File: Sec1Fig2.png Graphic file (type png)

<use Sec1Fig2.png>
Package pdftex.def Info: Sec1Fig2.png used on input line 202.
(pdftex.def)             Requested size: 380.92218pt x 93.34851pt.
 <Sec1Fig3.png, id=312, 145.29282pt x 40.65187pt>
File: Sec1Fig3.png Graphic file (type png)

<use Sec1Fig3.png>
Package pdftex.def Info: Sec1Fig3.png used on input line 209.
(pdftex.def)             Requested size: 138.02737pt x 38.61905pt.
 [5 <E:/Eclipse/Projects/Dwarf Fortress/Dwarf Fortress/Sec1Fig1.png> <E:/Eclips
e/Projects/Dwarf Fortress/Dwarf Fortress/Sec1Fig2.png> <E:/Eclipse/Projects/Dwa
rf Fortress/Dwarf Fortress/Sec1Fig3.png>]
<Sec1Fig4.png, id=323, 1264.725pt x 760.34062pt>
File: Sec1Fig4.png Graphic file (type png)
 <use Sec1Fig4.png>
Package pdftex.def Info: Sec1Fig4.png used on input line 230.
(pdftex.def)             Requested size: 469.75502pt x 282.4122pt.

<Sec1Fig5.png, id=324, 1003.49907pt x 205.5178pt>
File: Sec1Fig5.png Graphic file (type png)
 <use Sec1Fig5.png>
Package pdftex.def Info: Sec1Fig5.png used on input line 235.
(pdftex.def)             Requested size: 469.75502pt x 96.20766pt.
 [6 <E:/Eclipse/Projects/Dwarf Fortress/Dwarf Fortress/Sec1Fig4.png> <E:/Eclips
e/Projects/Dwarf Fortress/Dwarf Fortress/Sec1Fig5.png>]
<Sec1Fig6+.png, id=335, 935.74594pt x 109.1578pt>
File: Sec1Fig6+.png Graphic file (type png)
 <use Sec1Fig6+.png>
Package pdftex.def Info: Sec1Fig6+.png used on input line 255.
(pdftex.def)             Requested size: 469.75502pt x 54.79861pt.

<Sec1Fig6.png, id=336, 946.28531pt x 111.41624pt>
File: Sec1Fig6.png Graphic file (type png)
 <use Sec1Fig6.png>
Package pdftex.def Info: Sec1Fig6.png used on input line 276.
(pdftex.def)             Requested size: 446.26582pt x 52.54243pt.
 [7 <E:/Eclipse/Projects/Dwarf Fortress/Dwarf Fortress/Sec1Fig6+.png> <E:/Eclip
se/Projects/Dwarf Fortress/Dwarf Fortress/Sec1Fig6.png>]
<Sec1Fig8.png, id=350, 310.15875pt x 458.46281pt>
File: Sec1Fig8.png Graphic file (type png)
 <use Sec1Fig8.png>
Package pdftex.def Info: Sec1Fig8.png used on input line 317.
(pdftex.def)             Requested size: 248.12733pt x 366.77074pt.
 [8 <E:/Eclipse/Projects/Dwarf Fortress/Dwarf Fortress/Sec1Fig8.png>]
<Sec1Fig9.png, id=363, 414.04688pt x 17.31468pt>
File: Sec1Fig9.png Graphic file (type png)
 <use Sec1Fig9.png>
Package pdftex.def Info: Sec1Fig9.png used on input line 354.
(pdftex.def)             Requested size: 414.04585pt x 17.31462pt.

<Sec1Fig10.png, id=364, 135.50626pt x 219.82124pt>
File: Sec1Fig10.png Graphic file (type png)
 <use Sec1Fig10.png>
Package pdftex.def Info: Sec1Fig10.png used on input line 368.
(pdftex.def)             Requested size: 135.5059pt x 219.8207pt.
 [9 <E:/Eclipse/Projects/Dwarf Fortress/Dwarf Fortress/Sec1Fig9.png> <E:/Eclips
e/Projects/Dwarf Fortress/Dwarf Fortress/Sec1Fig10.png>]
<Sec1Fig11.png, id=378, 649.67719pt x 19.57312pt>
File: Sec1Fig11.png Graphic file (type png)
 <use Sec1Fig11.png>
Package pdftex.def Info: Sec1Fig11.png used on input line 435.
(pdftex.def)             Requested size: 469.75502pt x 14.15265pt.

<Sec1Fig11+.png, id=380, 111.41624pt x 219.82124pt>
File: Sec1Fig11+.png Graphic file (type png)
 <use Sec1Fig11+.png>
Package pdftex.def Info: Sec1Fig11+.png used on input line 450.
(pdftex.def)             Requested size: 83.56197pt x 164.86551pt.

<Sec1Fig12.png, id=384, 181.42781pt x 21.83156pt>
File: Sec1Fig12.png Graphic file (type png)
 <use Sec1Fig12.png>
Package pdftex.def Info: Sec1Fig12.png used on input line 507.
(pdftex.def)             Requested size: 178.5092pt x 21.48071pt.
 [10 <E:/Eclipse/Projects/Dwarf Fortress/Dwarf Fortress/Sec1Fig11.png> <E:/Ecli
pse/Projects/Dwarf Fortress/Dwarf Fortress/Sec1Fig11+.png>]
<Sec1Fig13.png, id=395, 465.23813pt x 40.65187pt>
File: Sec1Fig13.png Graphic file (type png)
 <use Sec1Fig13.png>
Package pdftex.def Info: Sec1Fig13.png used on input line 525.
(pdftex.def)             Requested size: 469.75502pt x 41.04813pt.
LaTeX Font Info:    Try loading font information for OMS+cmr on input line 535.


("C:\Program Files (x86)\MiKTeX 2.9\tex\latex\base\omscmr.fd"
File: omscmr.fd 1999/05/25 v2.5h Standard LaTeX font definitions
)
LaTeX Font Info:    Font shape `OMS/cmr/m/n' in size <10> not available
(Font)              Font shape `OMS/cmsy/m/n' tried instead on input line 535.
 [11 <E:/Eclipse/Projects/Dwarf Fortress/Dwarf Fortress/Sec1Fig12.png> <E:/Ecli
pse/Projects/Dwarf Fortress/Dwarf Fortress/Sec1Fig13.png>]
<Sec1Fig16-1.png, id=407, 249.18094pt x 434.37282pt>
File: Sec1Fig16-1.png Graphic file (type png)
 <use Sec1Fig16-1.png>
Package pdftex.def Info: Sec1Fig16-1.png used on input line 593.
(pdftex.def)             Requested size: 158.54123pt x 276.3738pt.

<Sec1Fig16-2.png, id=408, 249.18094pt x 411.03563pt>
File: Sec1Fig16-2.png Graphic file (type png)
 <use Sec1Fig16-2.png>
Package pdftex.def Info: Sec1Fig16-2.png used on input line 597.
(pdftex.def)             Requested size: 169.1113pt x 278.96114pt.

[12 <E:/Eclipse/Projects/Dwarf Fortress/Dwarf Fortress/Sec1Fig16-1.png> <E:/Ecl
ipse/Projects/Dwarf Fortress/Dwarf Fortress/Sec1Fig16-2.png>]
<Sec1Fig16-4.png, id=419, 208.52907pt x 310.15875pt>
File: Sec1Fig16-4.png Graphic file (type png)
 <use Sec1Fig16-4.png>
Package pdftex.def Info: Sec1Fig16-4.png used on input line 631.
(pdftex.def)             Requested size: 176.15813pt x 262.02708pt.

<Sec1Fig16-3.png, id=420, 202.50656pt x 294.34969pt>
File: Sec1Fig16-3.png Graphic file (type png)
 <use Sec1Fig16-3.png>
Package pdftex.def Info: Sec1Fig16-3.png used on input line 635.
(pdftex.def)             Requested size: 169.1113pt x 245.81479pt.

[13 <E:/Eclipse/Projects/Dwarf Fortress/Dwarf Fortress/Sec1Fig16-4.png> <E:/Ecl
ipse/Projects/Dwarf Fortress/Dwarf Fortress/Sec1Fig16-3.png>]
<Sec1Fig17.png, id=426, 456.20438pt x 15.05624pt>
File: Sec1Fig17.png Graphic file (type png)
 <use Sec1Fig17.png>
Package pdftex.def Info: Sec1Fig17.png used on input line 647.
(pdftex.def)             Requested size: 469.75502pt x 15.50395pt.

<Sec1Fig18.png, id=427, 207.77625pt x 313.9228pt>
File: Sec1Fig18.png Graphic file (type png)
 <use Sec1Fig18.png>
Package pdftex.def Info: Sec1Fig18.png used on input line 657.
(pdftex.def)             Requested size: 187.89914pt x 283.90265pt.
 [14 <E:/Eclipse/Projects/Dwarf Fortress/Dwarf Fortress/Sec1Fig17.png> <E:/Ecli
pse/Projects/Dwarf Fortress/Dwarf Fortress/Sec1Fig18.png>] [15]
<Sec2Fig1.png, id=457, 86.57344pt x 85.06781pt>
File: Sec2Fig1.png Graphic file (type png)
 <use Sec2Fig1.png>
Package pdftex.def Info: Sec2Fig1.png used on input line 749.
(pdftex.def)             Requested size: 93.94957pt x 92.31837pt.

<Sec2Fig2-1.png, id=460, 13.55063pt x 202.50656pt>
File: Sec2Fig2-1.png Graphic file (type png)
 <use Sec2Fig2-1.png>
Package pdftex.def Info: Sec2Fig2-1.png used on input line 770.
(pdftex.def)             Requested size: 10.802pt x 161.43689pt.

<Sec2Fig3-1.png, id=461, 259.7203pt x 146.79843pt>
File: Sec2Fig3-1.png Graphic file (type png)
 <use Sec2Fig3-1.png>
Package pdftex.def Info: Sec2Fig3-1.png used on input line 804.
(pdftex.def)             Requested size: 225.4804pt x 127.4448pt.

<Sec2Fig3-2.png, id=462, 258.21469pt x 147.55125pt>
File: Sec2Fig3-2.png Graphic file (type png)
 <use Sec2Fig3-2.png>
Package pdftex.def Info: Sec2Fig3-2.png used on input line 808.
(pdftex.def)             Requested size: 225.4804pt x 128.85034pt.

[16 <E:/Eclipse/Projects/Dwarf Fortress/Dwarf Fortress/Sec2Fig1.png> <E:/Eclips
e/Projects/Dwarf Fortress/Dwarf Fortress/Sec2Fig2-1.png> <E:/Eclipse/Projects/D
warf Fortress/Dwarf Fortress/Sec2Fig3-1.png> <E:/Eclipse/Projects/Dwarf Fortres
s/Dwarf Fortress/Sec2Fig3-2.png>]
<Sec2Fig4.png, id=471, 197.23688pt x 22.58438pt>
File: Sec2Fig4.png Graphic file (type png)
 <use Sec2Fig4.png>
Package pdftex.def Info: Sec2Fig4.png used on input line 839.
(pdftex.def)             Requested size: 197.23637pt x 22.5843pt.

<Sec2Fig5.png, id=472, 709.14937pt x 69.25874pt>
File: Sec2Fig5.png Graphic file (type png)
 <use Sec2Fig5.png>
Package pdftex.def Info: Sec2Fig5.png used on input line 848.
(pdftex.def)             Requested size: 469.75502pt x 45.87892pt.
 [17 <E:/Eclipse/Projects/Dwarf Fortress/Dwarf Fortress/Sec2Fig4.png> <E:/Eclip
se/Projects/Dwarf Fortress/Dwarf Fortress/Sec2Fig5.png>]
<Sec2Fig6.png, id=479, 1077.27469pt x 609.77812pt>
File: Sec2Fig6.png Graphic file (type png)
 <use Sec2Fig6.png>
Package pdftex.def Info: Sec2Fig6.png used on input line 858.
(pdftex.def)             Requested size: 469.75502pt x 265.90265pt.

<Sec2Fig7.png, id=483, 164.11313pt x 94.85437pt>
File: Sec2Fig7.png Graphic file (type png)
 <use Sec2Fig7.png>
Package pdftex.def Info: Sec2Fig7.png used on input line 878.
(pdftex.def)             Requested size: 150.32504pt x 86.88641pt.

<Sec2Fig8.png, id=485, 451.6875pt x 11.29219pt>
File: Sec2Fig8.png Graphic file (type png)
 <use Sec2Fig8.png>
Package pdftex.def Info: Sec2Fig8.png used on input line 895.
(pdftex.def)             Requested size: 469.75502pt x 11.74461pt.
 [18 <E:/Eclipse/Projects/Dwarf Fortress/Dwarf Fortress/Sec2Fig6.png> <E:/Eclip
se/Projects/Dwarf Fortress/Dwarf Fortress/Sec2Fig7.png>]
<Sec2Fig9.png, id=496, 840.89156pt x 67.0003pt>
File: Sec2Fig9.png Graphic file (type png)
 <use Sec2Fig9.png>
Package pdftex.def Info: Sec2Fig9.png used on input line 915.
(pdftex.def)             Requested size: 469.75502pt x 37.42891pt.
 [19 <E:/Eclipse/Projects/Dwarf Fortress/Dwarf Fortress/Sec2Fig8.png> <E:/Eclip
se/Projects/Dwarf Fortress/Dwarf Fortress/Sec2Fig9.png>]
<Sec2Fig10.png, id=505, 170.88844pt x 122.70844pt>
File: Sec2Fig10.png Graphic file (type png)
 <use Sec2Fig10.png>
Package pdftex.def Info: Sec2Fig10.png used on input line 953.
(pdftex.def)             Requested size: 164.41711pt x 118.07024pt.

<Sec2Fig11.png, id=506, 521.69907pt x 13.55063pt>
File: Sec2Fig11.png Graphic file (type png)
 <use Sec2Fig11.png>
Package pdftex.def Info: Sec2Fig11.png used on input line 982.
(pdftex.def)             Requested size: 469.75502pt x 12.20163pt.

<Sec2Fig12.png, id=507, 301.8778pt x 12.7978pt>
File: Sec2Fig12.png Graphic file (type png)
 <use Sec2Fig12.png>
Package pdftex.def Info: Sec2Fig12.png used on input line 991.
(pdftex.def)             Requested size: 271.6875pt x 11.5179pt.
 [20 <E:/Eclipse/Projects/Dwarf Fortress/Dwarf Fortress/Sec2Fig10.png> <E:/Ecli
pse/Projects/Dwarf Fortress/Dwarf Fortress/Sec2Fig11.png> <E:/Eclipse/Projects/
Dwarf Fortress/Dwarf Fortress/Sec2Fig12.png>]
<Sec2Fig5-3.png, id=518, 204.765pt x 52.69687pt>
File: Sec2Fig5-3.png Graphic file (type png)
 <use Sec2Fig5-3.png>
Package pdftex.def Info: Sec2Fig5-3.png used on input line 1012.
(pdftex.def)             Requested size: 187.89914pt x 48.35947pt.

<Sec2Fig5-2.png, id=521, 139.27031pt x 59.47218pt>
File: Sec2Fig5-2.png Graphic file (type png)
 <use Sec2Fig5-2.png>
Package pdftex.def Info: Sec2Fig5-2.png used on input line 1035.
(pdftex.def)             Requested size: 140.92793pt x 60.18167pt.

<Sec2Fig5-4.png, id=522, 225.09094pt x 21.07875pt>
File: Sec2Fig5-4.png Graphic file (type png)
 <use Sec2Fig5-4.png>
Package pdftex.def Info: Sec2Fig5-4.png used on input line 1054.
(pdftex.def)             Requested size: 187.89914pt x 17.59665pt.

[21 <E:/Eclipse/Projects/Dwarf Fortress/Dwarf Fortress/Sec2Fig5-3.png> <E:/Ecli
pse/Projects/Dwarf Fortress/Dwarf Fortress/Sec2Fig5-2.png> <E:/Eclipse/Projects
/Dwarf Fortress/Dwarf Fortress/Sec2Fig5-4.png>]
<Sec2Fig13.png, id=531, 876.27374pt x 18.0675pt>
File: Sec2Fig13.png Graphic file (type png)
 <use Sec2Fig13.png>
Package pdftex.def Info: Sec2Fig13.png used on input line 1105.
(pdftex.def)             Requested size: 469.75502pt x 9.68571pt.

<Sec2Fig14.png, id=532, 139.27031pt x 147.55125pt>
File: Sec2Fig14.png Graphic file (type png)
 <use Sec2Fig14.png>
Package pdftex.def Info: Sec2Fig14.png used on input line 1110.
(pdftex.def)             Requested size: 139.26996pt x 147.55087pt.
 [22 <E:/Eclipse/Projects/Dwarf Fortress/Dwarf Fortress/Sec2Fig13.png> <E:/Ecli
pse/Projects/Dwarf Fortress/Dwarf Fortress/Sec2Fig14.png>]
<Sec2Fig15.png, id=541, 395.22656pt x 98.61844pt>
File: Sec2Fig15.png Graphic file (type png)
 <use Sec2Fig15.png>
Package pdftex.def Info: Sec2Fig15.png used on input line 1130.
(pdftex.def)             Requested size: 395.22559pt x 98.61818pt.

<Sec2Fig16.png, id=542, 226.59656pt x 67.0003pt>
File: Sec2Fig16.png Graphic file (type png)
 <use Sec2Fig16.png>
Package pdftex.def Info: Sec2Fig16.png used on input line 1137.
(pdftex.def)             Requested size: 226.596pt x 67.00012pt.
 [23 <E:/Eclipse/Projects/Dwarf Fortress/Dwarf Fortress/Sec2Fig15.png> <E:/Ecli
pse/Projects/Dwarf Fortress/Dwarf Fortress/Sec2Fig16.png>]
<Sec2Fig17.png, id=553, 576.65437pt x 537.50812pt>
File: Sec2Fig17.png Graphic file (type png)
 <use Sec2Fig17.png>
Package pdftex.def Info: Sec2Fig17.png used on input line 1168.
(pdftex.def)             Requested size: 469.75502pt x 437.8807pt.
 [24 <E:/Eclipse/Projects/Dwarf Fortress/Dwarf Fortress/Sec2Fig17.png>]
<Sec2Fig18.png, id=561, 1006.51031pt x 37.64063pt>
File: Sec2Fig18.png Graphic file (type png)
 <use Sec2Fig18.png>
Package pdftex.def Info: Sec2Fig18.png used on input line 1196.
(pdftex.def)             Requested size: 469.75502pt x 17.5676pt.

<Sec2Fig19.png, id=564, 1007.26312pt x 36.135pt>
File: Sec2Fig19.png Graphic file (type png)
 <use Sec2Fig19.png>
Package pdftex.def Info: Sec2Fig19.png used on input line 1208.
(pdftex.def)             Requested size: 469.75502pt x 16.8522pt.

<Sec2Fig20.png, id=565, 880.79062pt x 113.67468pt>
File: Sec2Fig20.png Graphic file (type png)
 <use Sec2Fig20.png>
Package pdftex.def Info: Sec2Fig20.png used on input line 1217.
(pdftex.def)             Requested size: 469.75502pt x 60.62541pt.

<Sec2Fig21.png, id=566, 840.13875pt x 95.6072pt>
File: Sec2Fig21.png Graphic file (type png)
 <use Sec2Fig21.png>
Package pdftex.def Info: Sec2Fig21.png used on input line 1226.
(pdftex.def)             Requested size: 469.75502pt x 53.45796pt.
 [25 <E:/Eclipse/Projects/Dwarf Fortress/Dwarf Fortress/Sec2Fig18.png> <E:/Ecli
pse/Projects/Dwarf Fortress/Dwarf Fortress/Sec2Fig19.png> <E:/Eclipse/Projects/
Dwarf Fortress/Dwarf Fortress/Sec2Fig20.png> <E:/Eclipse/Projects/Dwarf Fortres
s/Dwarf Fortress/Sec2Fig21.png>] <Sec2Fig22.png, id=576, 840.13875pt x 95.6072p
t>
File: Sec2Fig22.png Graphic file (type png)

<use Sec2Fig22.png>
Package pdftex.def Info: Sec2Fig22.png used on input line 1249.
(pdftex.def)             Requested size: 469.75502pt x 53.45796pt.
 <Sec2Fig23.png, id=577, 234.1247pt x 27.10126pt>
File: Sec2Fig23.png Graphic file (type png)

<use Sec2Fig23.png>
Package pdftex.def Info: Sec2Fig23.png used on input line 1262.
(pdftex.def)             Requested size: 140.92793pt x 16.31421pt.
 <Sec2Fig25.png, id=578, 114.4275pt x 69.25874pt>
File: Sec2Fig25.png Graphic file (type png)

<use Sec2Fig25.png>
Package pdftex.def Info: Sec2Fig25.png used on input line 1286.
(pdftex.def)             Requested size: 117.43875pt x 71.08365pt.
 <Sec2Fig26.png, id=580, 1264.725pt x 39.89906pt>
File: Sec2Fig26.png Graphic file (type png)

<use Sec2Fig26.png>
Package pdftex.def Info: Sec2Fig26.png used on input line 1313.
(pdftex.def)             Requested size: 469.75502pt x 14.81964pt.
 [26 <E:/Eclipse/Projects/Dwarf Fortress/Dwarf Fortress/Sec2Fig22.png> <E:/Ecli
pse/Projects/Dwarf Fortress/Dwarf Fortress/Sec2Fig23.png> <E:/Eclipse/Projects/
Dwarf Fortress/Dwarf Fortress/Sec2Fig25.png> <E:/Eclipse/Projects/Dwarf Fortres
s/Dwarf Fortress/Sec2Fig26.png>]
<Sec2Fig28.png, id=589, 1264.725pt x 760.34062pt>
File: Sec2Fig28.png Graphic file (type png)
 <use Sec2Fig28.png>
Package pdftex.def Info: Sec2Fig28.png used on input line 1343.
(pdftex.def)             Requested size: 467.94093pt x 281.32162pt.
 [27 <E:/Eclipse/Projects/Dwarf Fortress/Dwarf Fortress/Sec2Fig28.png>] [28]
<Sec3Fig1.png, id=604, 539.76656pt x 111.41624pt>
File: Sec3Fig1.png Graphic file (type png)
 <use Sec3Fig1.png>
Package pdftex.def Info: Sec3Fig1.png used on input line 1456.
(pdftex.def)             Requested size: 469.75502pt x 96.96704pt.
 [29 <E:/Eclipse/Projects/Dwarf Fortress/Dwarf Fortress/Sec3Fig1.png>]
<Sec3Fig2.png, id=610, 142.28156pt x 70.76437pt>
File: Sec3Fig2.png Graphic file (type png)
 <use Sec3Fig2.png>
Package pdftex.def Info: Sec3Fig2.png used on input line 1501.
(pdftex.def)             Requested size: 140.92793pt x 70.09796pt.

<Sec3Fig4.png, id=613, 502.12593pt x 14.30344pt>
File: Sec3Fig4.png Graphic file (type png)
 <use Sec3Fig4.png>
Package pdftex.def Info: Sec3Fig4.png used on input line 1538.
(pdftex.def)             Requested size: 426.80907pt x 12.15796pt.
 [30 <E:/Eclipse/Projects/Dwarf Fortress/Dwarf Fortress/Sec3Fig2.png>]
<Sec3Fig5.png, id=621, 609.77812pt x 42.91031pt>
File: Sec3Fig5.png Graphic file (type png)
 <use Sec3Fig5.png>
Package pdftex.def Info: Sec3Fig5.png used on input line 1570.
(pdftex.def)             Requested size: 469.75502pt x 33.05804pt.

<Sec3Fig6.png, id=622, 844.65562pt x 42.1575pt>
File: Sec3Fig6.png Graphic file (type png)
 <use Sec3Fig6.png>
Package pdftex.def Info: Sec3Fig6.png used on input line 1585.
(pdftex.def)             Requested size: 469.75502pt x 23.44656pt.
 [31 <E:/Eclipse/Projects/Dwarf Fortress/Dwarf Fortress/Sec3Fig4.png> <E:/Eclip
se/Projects/Dwarf Fortress/Dwarf Fortress/Sec3Fig5.png> <E:/Eclipse/Projects/Dw
arf Fortress/Dwarf Fortress/Sec3Fig6.png>]
<Sec3Fig10+.png, id=630, 1025.33063pt x 192.72pt>
File: Sec3Fig10+.png Graphic file (type png)
 <use Sec3Fig10+.png>
Package pdftex.def Info: Sec3Fig10+.png used on input line 1602.
(pdftex.def)             Requested size: 469.75502pt x 88.2935pt.
 [32 <E:/Eclipse/Projects/Dwarf Fortress/Dwarf Fortress/Sec3Fig10+.png>]
<Sec3Fig8.png, id=642, 515.67656pt x 529.22719pt>
File: Sec3Fig8.png Graphic file (type png)
 <use Sec3Fig8.png>
Package pdftex.def Info: Sec3Fig8.png used on input line 1668.
(pdftex.def)             Requested size: 438.32713pt x 449.84523pt.
 [33 <E:/Eclipse/Projects/Dwarf Fortress/Dwarf Fortress/Sec3Fig8.png>]
<Sec3Fig9.png, id=652, 491.58656pt x 277.78781pt>
File: Sec3Fig9.png Graphic file (type png)
 <use Sec3Fig9.png>
Package pdftex.def Info: Sec3Fig9.png used on input line 1707.
(pdftex.def)             Requested size: 469.75502pt x 265.46098pt.
 [34 <E:/Eclipse/Projects/Dwarf Fortress/Dwarf Fortress/Sec3Fig9.png>]
<Sec3Fig10.png, id=660, 233.37187pt x 387.69844pt>
File: Sec3Fig10.png Graphic file (type png)
 <use Sec3Fig10.png>
Package pdftex.def Info: Sec3Fig10.png used on input line 1742.
(pdftex.def)             Requested size: 169.11209pt x 280.95288pt.

<Sec3Fig11.png, id=661, 214.55156pt x 77.53969pt>
File: Sec3Fig11.png Graphic file (type png)
 <use Sec3Fig11.png>
Package pdftex.def Info: Sec3Fig11.png used on input line 1769.
(pdftex.def)             Requested size: 214.55103pt x 77.53947pt.

Overfull \hbox (3.1627pt too wide) in paragraph at lines 1769--1770
 [][] 
 []

[35 <E:/Eclipse/Projects/Dwarf Fortress/Dwarf Fortress/Sec3Fig10.png>]
<Sec3Fig12.png, id=668, 194.97844pt x 97.86563pt>
File: Sec3Fig12.png Graphic file (type png)
 <use Sec3Fig12.png>
Package pdftex.def Info: Sec3Fig12.png used on input line 1796.
(pdftex.def)             Requested size: 194.97795pt x 97.86537pt.

Overfull \hbox (4.89272pt too wide) in paragraph at lines 1801--1811
[][]\OT1/cmr/m/n/10 Custom pro-fes-sions is ac-tu-ally one of the two []
 []

[36 <E:/Eclipse/Projects/Dwarf Fortress/Dwarf Fortress/Sec3Fig11.png> <E:/Eclip
se/Projects/Dwarf Fortress/Dwarf Fortress/Sec3Fig12.png>]
<Sec3Fig13.png, id=677, 193.47281pt x 220.57407pt>
File: Sec3Fig13.png Graphic file (type png)
 <use Sec3Fig13.png>
Package pdftex.def Info: Sec3Fig13.png used on input line 1849.
(pdftex.def)             Requested size: 164.41711pt x 187.44844pt.

<Sec3Fig13+.png, id=679, 524.71031pt x 347.04657pt>
File: Sec3Fig13+.png Graphic file (type png)
 <use Sec3Fig13+.png>
Package pdftex.def Info: Sec3Fig13+.png used on input line 1870.
(pdftex.def)             Requested size: 469.75502pt x 310.70801pt.

[37 <E:/Eclipse/Projects/Dwarf Fortress/Dwarf Fortress/Sec3Fig13.png> <E:/Eclip
se/Projects/Dwarf Fortress/Dwarf Fortress/Sec3Fig13+.png>]
<Sec3Fig13+1.png, id=687, 164.11313pt x 286.06876pt>
File: Sec3Fig13+1.png Graphic file (type png)
 <use Sec3Fig13+1.png>
Package pdftex.def Info: Sec3Fig13+1.png used on input line 1883.
(pdftex.def)             Requested size: 164.41711pt x 286.60059pt.

[38 <E:/Eclipse/Projects/Dwarf Fortress/Dwarf Fortress/Sec3Fig13+1.png>]
<Sec4Fig18.png, id=696, 233.37187pt x 250.68657pt>
File: Sec4Fig18.png Graphic file (type png)
 <use Sec4Fig18.png>
Package pdftex.def Info: Sec4Fig18.png used on input line 1953.
(pdftex.def)             Requested size: 164.41711pt x 176.62311pt.
 [39 <E:/Eclipse/Projects/Dwarf Fortress/Dwarf Fortress/Sec4Fig18.png>]
<Sec3Fig15.png, id=705, 504.38437pt x 24.84282pt>
File: Sec3Fig15.png Graphic file (type png)
 <use Sec3Fig15.png>
Package pdftex.def Info: Sec3Fig15.png used on input line 1997.
(pdftex.def)             Requested size: 469.75502pt x 23.1373pt.

<Sec3Fig16.png, id=706, 368.87813pt x 21.07875pt>
File: Sec3Fig16.png Graphic file (type png)
 <use Sec3Fig16.png>
Package pdftex.def Info: Sec3Fig16.png used on input line 2003.
(pdftex.def)             Requested size: 368.87721pt x 21.07867pt.

<Sec3Fig17.png, id=708, 1003.49907pt x 106.14656pt>
File: Sec3Fig17.png Graphic file (type png)
 <use Sec3Fig17.png>
Package pdftex.def Info: Sec3Fig17.png used on input line 2031.
(pdftex.def)             Requested size: 469.75502pt x 49.68967pt.

[40 <E:/Eclipse/Projects/Dwarf Fortress/Dwarf Fortress/Sec3Fig15.png> <E:/Eclip
se/Projects/Dwarf Fortress/Dwarf Fortress/Sec3Fig16.png> <E:/Eclipse/Projects/D
warf Fortress/Dwarf Fortress/Sec3Fig17.png>]
<Sec3Fig19.png, id=717, 27.85406pt x 108.405pt>
File: Sec3Fig19.png Graphic file (type png)
 <use Sec3Fig19.png>
Package pdftex.def Info: Sec3Fig19.png used on input line 2071.
(pdftex.def)             Requested size: 21.1381pt x 82.26788pt.

<Sec3Fig20.png, id=718, 94.10156pt x 106.14656pt>
File: Sec3Fig20.png Graphic file (type png)
 <use Sec3Fig20.png>
Package pdftex.def Info: Sec3Fig20.png used on input line 2087.
(pdftex.def)             Requested size: 70.46037pt x 79.485pt.

<Sec3Fig21.png, id=719, 67.0003pt x 106.89937pt>
File: Sec3Fig21.png Graphic file (type png)
 <use Sec3Fig21.png>
Package pdftex.def Info: Sec3Fig21.png used on input line 2100.
(pdftex.def)             Requested size: 51.67332pt x 82.44487pt.
 [41 <E:/Eclipse/Projects/Dwarf Fortress/Dwarf Fortress/Sec3Fig19.png> <E:/Ecli
pse/Projects/Dwarf Fortress/Dwarf Fortress/Sec3Fig20.png> <E:/Eclipse/Projects/
Dwarf Fortress/Dwarf Fortress/Sec3Fig21.png>]
<Sec3Fig23.png, id=727, 148.30406pt x 106.89937pt>
File: Sec3Fig23.png Graphic file (type png)
 <use Sec3Fig23.png>
Package pdftex.def Info: Sec3Fig23.png used on input line 2153.
(pdftex.def)             Requested size: 150.32504pt x 108.3606pt.

<Sec3Fig25.png, id=728, 297.36093pt x 106.14656pt>
File: Sec3Fig25.png Graphic file (type png)
 <use Sec3Fig25.png>
Package pdftex.def Info: Sec3Fig25.png used on input line 2157.
(pdftex.def)             Requested size: 300.64291pt x 107.32379pt.

<Sec3Fig26.png, id=729, 976.39781pt x 106.14656pt>
File: Sec3Fig26.png Graphic file (type png)
 <use Sec3Fig26.png>
Package pdftex.def Info: Sec3Fig26.png used on input line 2174.
(pdftex.def)             Requested size: 469.75502pt x 51.068pt.

<Sec3Fig26+.png, id=730, 881.54344pt x 112.92188pt>
File: Sec3Fig26+.png Graphic file (type png)
 <use Sec3Fig26+.png>
Package pdftex.def Info: Sec3Fig26+.png used on input line 2190.
(pdftex.def)             Requested size: 450.96797pt x 57.76686pt.

[42 <E:/Eclipse/Projects/Dwarf Fortress/Dwarf Fortress/Sec3Fig23.png> <E:/Eclip
se/Projects/Dwarf Fortress/Dwarf Fortress/Sec3Fig25.png> <E:/Eclipse/Projects/D
warf Fortress/Dwarf Fortress/Sec3Fig26.png> <E:/Eclipse/Projects/Dwarf Fortress
/Dwarf Fortress/Sec3Fig26+.png>]
<Sec3Fig29.png, id=738, 760.34062pt x 1264.725pt>
File: Sec3Fig29.png Graphic file (type png)
 <use Sec3Fig29.png>
Package pdftex.def Info: Sec3Fig29.png used on input line 2203.
(pdftex.def)             Requested size: 399.29463pt x 664.18356pt.
 [43 <E:/Eclipse/Projects/Dwarf Fortress/Dwarf Fortress/Sec3Fig29.png>]
<Sec4Fig1.png, id=744, 685.05937pt x 475.02469pt>
File: Sec4Fig1.png Graphic file (type png)
 <use Sec4Fig1.png>
Package pdftex.def Info: Sec4Fig1.png used on input line 2225.
(pdftex.def)             Requested size: 469.75502pt x 325.73785pt.
 [44 <E:/Eclipse/Projects/Dwarf Fortress/Dwarf Fortress/Sec4Fig1.png>]
Overfull \hbox (0.7417pt too wide) in paragraph at lines 2244--2273
[][][]  
 []

[45] <Sec4Fig2.png, id=756, 642.90187pt x 12.7978pt>
File: Sec4Fig2.png Graphic file (type png)
 <use Sec4Fig2.png>
Package pdftex.def Info: Sec4Fig2.png used on input line 2338.
(pdftex.def)             Requested size: 469.31447pt x 9.3423pt.

[46 <E:/Eclipse/Projects/Dwarf Fortress/Dwarf Fortress/Sec4Fig2.png>] [47]
[48] <Sec4Fig4.png, id=778, 93.34875pt x 73.02281pt>
File: Sec4Fig4.png Graphic file (type png)
 <use Sec4Fig4.png>
Package pdftex.def Info: Sec4Fig4.png used on input line 2520.
(pdftex.def)             Requested size: 93.94957pt x 73.49615pt.

<Sec4Fig4+.png, id=779, 247.67531pt x 58.71938pt>
File: Sec4Fig4+.png Graphic file (type png)
 <use Sec4Fig4+.png>
Package pdftex.def Info: Sec4Fig4+.png used on input line 2536.
(pdftex.def)             Requested size: 234.8775pt x 55.6854pt.
 [49 <E:/Eclipse/Projects/Dwarf Fortress/Dwarf Fortress/Sec4Fig4.png> <E:/Eclip
se/Projects/Dwarf Fortress/Dwarf Fortress/Sec4Fig4+.png>]
<Sec4Fig5.png, id=786, 522.45187pt x 472.01344pt>
File: Sec4Fig5.png Graphic file (type png)
 <use Sec4Fig5.png>
Package pdftex.def Info: Sec4Fig5.png used on input line 2569.
(pdftex.def)             Requested size: 469.75502pt x 424.41203pt.
 [50 <E:/Eclipse/Projects/Dwarf Fortress/Dwarf Fortress/Sec4Fig5.png>]
<Sec4Fig7.png, id=796, 384.6872pt x 36.135pt>
File: Sec4Fig7.png Graphic file (type png)
 <use Sec4Fig7.png>
Package pdftex.def Info: Sec4Fig7.png used on input line 2598.
(pdftex.def)             Requested size: 384.68625pt x 36.13489pt.

<Sec4Fig8.png, id=797, 535.2497pt x 40.65187pt>
File: Sec4Fig8.png Graphic file (type png)
 <use Sec4Fig8.png>
Package pdftex.def Info: Sec4Fig8.png used on input line 2617.
(pdftex.def)             Requested size: 469.75502pt x 35.67946pt.

<Sec4Fig10.png, id=798, 935.74594pt x 67.75313pt>
File: Sec4Fig10.png Graphic file (type png)
 <use Sec4Fig10.png>
Package pdftex.def Info: Sec4Fig10.png used on input line 2631.
(pdftex.def)             Requested size: 469.75502pt x 34.01292pt.
 [51 <E:/Eclipse/Projects/Dwarf Fortress/Dwarf Fortress/Sec4Fig7.png> <E:/Eclip
se/Projects/Dwarf Fortress/Dwarf Fortress/Sec4Fig8.png> <E:/Eclipse/Projects/Dw
arf Fortress/Dwarf Fortress/Sec4Fig10.png>]
<Sec4Fig11.png, id=807, 934.99312pt x 68.50594pt>
File: Sec4Fig11.png Graphic file (type png)
 <use Sec4Fig11.png>
Package pdftex.def Info: Sec4Fig11.png used on input line 2644.
(pdftex.def)             Requested size: 469.75502pt x 34.41908pt.

<Sec4Fig12.png, id=808, 934.99312pt x 67.75313pt>
File: Sec4Fig12.png Graphic file (type png)
 <use Sec4Fig12.png>
Package pdftex.def Info: Sec4Fig12.png used on input line 2654.
(pdftex.def)             Requested size: 469.75502pt x 34.04085pt.

<Sec4Fig13.png, id=809, 934.99312pt x 67.75313pt>
File: Sec4Fig13.png Graphic file (type png)
 <use Sec4Fig13.png>
Package pdftex.def Info: Sec4Fig13.png used on input line 2701.
(pdftex.def)             Requested size: 469.75502pt x 34.04085pt.
 [52 <E:/Eclipse/Projects/Dwarf Fortress/Dwarf Fortress/Sec4Fig11.png> <E:/Ecli
pse/Projects/Dwarf Fortress/Dwarf Fortress/Sec4Fig12.png>]
<Sec4Fig14.png, id=817, 935.74594pt x 68.50594pt>
File: Sec4Fig14.png Graphic file (type png)
 <use Sec4Fig14.png>
Package pdftex.def Info: Sec4Fig14.png used on input line 2725.
(pdftex.def)             Requested size: 469.75502pt x 34.39085pt.

<Sec4Fig6.png, id=818, 414.79968pt x 13.55063pt>
File: Sec4Fig6.png Graphic file (type png)
 <use Sec4Fig6.png>
Package pdftex.def Info: Sec4Fig6.png used on input line 2733.
(pdftex.def)             Requested size: 414.79868pt x 13.55058pt.

<Sec4Fig15.png, id=819, 934.99312pt x 68.50594pt>
File: Sec4Fig15.png Graphic file (type png)
 <use Sec4Fig15.png>
Package pdftex.def Info: Sec4Fig15.png used on input line 2751.
(pdftex.def)             Requested size: 469.75502pt x 34.41908pt.
 [53 <E:/Eclipse/Projects/Dwarf Fortress/Dwarf Fortress/Sec4Fig13.png> <E:/Ecli
pse/Projects/Dwarf Fortress/Dwarf Fortress/Sec4Fig14.png> <E:/Eclipse/Projects/
Dwarf Fortress/Dwarf Fortress/Sec4Fig6.png> <E:/Eclipse/Projects/Dwarf Fortress
/Dwarf Fortress/Sec4Fig15.png>] <Sec4Fig17.png, id=829, 496.85625pt x 20.32594p
t>
File: Sec4Fig17.png Graphic file (type png)

<use Sec4Fig17.png>
Package pdftex.def Info: Sec4Fig17.png used on input line 2765.
(pdftex.def)             Requested size: 469.75502pt x 19.2174pt.
 [54 <E:/Eclipse/Projects/Dwarf Fortress/Dwarf Fortress/Sec4Fig17.png>] <Sec4Fi
gExtra.png, id=836, 845.40843pt x 601.4972pt>
File: Sec4FigExtra.png Graphic file (type png)

<use Sec4FigExtra.png>
Package pdftex.def Info: Sec4FigExtra.png used on input line 2809.
(pdftex.def)             Requested size: 450.96797pt x 320.85707pt.
 [55 <E:/Eclipse/Projects/Dwarf Fortress/Dwarf Fortress/Sec4FigExtra.png>] <Sec
5Fig1.jpg, id=842, 626.34pt x 275.0275pt>
File: Sec5Fig1.jpg Graphic file (type jpg)

<use Sec5Fig1.jpg>
Package pdftex.def Info: Sec5Fig1.jpg used on input line 2819.
(pdftex.def)             Requested size: 469.75502pt x 206.2785pt.
 [56 <E:/Eclipse/Projects/Dwarf Fortress/Dwarf Fortress/Sec5Fig1.jpg>] <Sec5Fig
2.png, id=849, 1034.36438pt x 316.93407pt>
File: Sec5Fig2.png Graphic file (type png)

<use Sec5Fig2.png>
Package pdftex.def Info: Sec5Fig2.png used on input line 2885.
(pdftex.def)             Requested size: 469.75502pt x 143.9344pt.
 [57 <E:/Eclipse/Projects/Dwarf Fortress/Dwarf Fortress/Sec5Fig2.png>] <Sec5Fig
5.png, id=857, 1009.52156pt x 264.99pt>
File: Sec5Fig5.png Graphic file (type png)
 <use Sec5Fig5.png>
Package pdftex.def Info: Sec5Fig5.png used on input line 2918.
(pdftex.def)             Requested size: 469.75502pt x 123.30803pt.

[58 <E:/Eclipse/Projects/Dwarf Fortress/Dwarf Fortress/Sec5Fig5.png>] [59]
[60] [61] <Illustration2.jpg, id=888, 582.175pt x 676.5275pt>
File: Illustration2.jpg Graphic file (type jpg)

<use Illustration2.jpg>
Package pdftex.def Info: Illustration2.jpg used on input line 3060.
(pdftex.def)             Requested size: 291.08679pt x 338.26291pt.
Package atveryend Info: Empty hook `BeforeClearDocument' on input line 3064.
pdfTeX warning (ext4): destination with the same identifier (name{page.}) has b
een already used, duplicate ignored
<to be read again> 
                   \relax 
l.3064 \end{document}
                      [1 <E:/Eclipse/Projects/Dwarf Fortress/Dwarf Fortress/Ill
ustration2.jpg>]
Package atveryend Info: Empty hook `AfterLastShipout' on input line 3064.

("E:\Eclipse\Projects\Dwarf Fortress\Dwarf Fortress\Dwarf Therapist.aux")
Package atveryend Info: Executing hook `AtVeryEndDocument' on input line 3064.
Package atveryend Info: Executing hook `AtEndAfterFileList' on input line 3064.

Package rerunfilecheck Info: File `Dwarf*Therapist.out' has not changed.
(rerunfilecheck)             Checksum: <no file>.
Package atveryend Info: Empty hook `AtVeryVeryEnd' on input line 3064.
 ) 
Here is how much of TeX's memory you used:
 7603 strings out of 493921
 118257 string characters out of 3144879
 195775 words of memory out of 3000000
 10502 multiletter control sequences out of 15000+200000
 9852 words of font info for 35 fonts, out of 3000000 for 9000
 841 hyphenation exceptions out of 8191
 42i,8n,40p,275b,446s stack positions out of 5000i,500n,10000p,200000b,50000s
<C:/Program Files (x86)/MiKTeX 2.9/fonts/type1/public/amsfonts/cm/cmbx10.pfb>
<C:/Program Files (x86)/MiKTeX 2.9/fonts/type1/public/amsfonts/cm/cmbx12.pfb><C
:/Program Files (x86)/MiKTeX 2.9/fonts/type1/public/amsfonts/cm/cmbx8.pfb><C:/P
rogram Files (x86)/MiKTeX 2.9/fonts/type1/public/amsfonts/cm/cmmi10.pfb><C:/Pro
gram Files (x86)/MiKTeX 2.9/fonts/type1/public/amsfonts/cm/cmr10.pfb><C:/Progra
m Files (x86)/MiKTeX 2.9/fonts/type1/public/amsfonts/cm/cmr12.pfb><C:/Program F
iles (x86)/MiKTeX 2.9/fonts/type1/public/amsfonts/cm/cmr17.pfb><C:/Program File
s (x86)/MiKTeX 2.9/fonts/type1/public/amsfonts/cm/cmr6.pfb><C:/Program Files (x
86)/MiKTeX 2.9/fonts/type1/public/amsfonts/cm/cmr8.pfb><C:/Program Files (x86)/
MiKTeX 2.9/fonts/type1/public/amsfonts/cm/cmsy10.pfb><C:/Program Files (x86)/Mi
KTeX 2.9/fonts/type1/public/amsfonts/cm/cmti10.pfb><C:/Program Files (x86)/MiKT
eX 2.9/fonts/type1/public/amsfonts/cm/cmti8.pfb><C:/Program Files (x86)/MiKTeX 
2.9/fonts/type1/public/amsfonts/cm/cmtt10.pfb><C:/Program Files (x86)/MiKTeX 2.
9/fonts/type1/public/amsfonts/cm/cmtt8.pfb>
Output written on "Dwarf Therapist.pdf" (63 pages, 2223447 bytes).
PDF statistics:
 991 PDF objects out of 1000 (max. 8388607)
 240 named destinations out of 1000 (max. 500000)
 902 words of extra memory for PDF output out of 10000 (max. 10000000)

